<?xml version="1.0" encoding="UTF-8"?>
<robot generator="Robot 7.4.1 (Python 3.13.5 on darwin)" generated="2025-12-25T13:19:05.392014" rpa="false" schemaversion="5">
<suite id="s1" name="Test-Cases" source="/Users/shubhamkumar/Documents/Testing/robot-framework-mobile-automation-demo/test-cases">
<suite id="s1-s1" name="Login-Test" source="/Users/shubhamkumar/Documents/Testing/robot-framework-mobile-automation-demo/test-cases/login-test.robot">
<test id="s1-s1-t1" name="Verify That A User Can Login To The Application Using Valid Credentials" line="12">
<kw name="Open Test Application" owner="CommonPo" type="SETUP">
<kw name="Run Keyword If" owner="BuiltIn">
<kw name="Open Android Application" owner="CommonPo">
<kw name="Open Application" owner="AppiumLibrary">
<arg>${APPIUM_SERVER_URL}</arg>
<arg>automationName=${ANDROID_AUTOMATION_NAME}</arg>
<arg>platformName=${ANDROID_PLATFORM_NAME}</arg>
<arg>platformVersion=${ANDROID_PLATFORM_VERSION}</arg>
<arg>deviceName=${ANDROID_DEVICE_NAME}</arg>
<arg>app=${ANDROID_APP}</arg>
<arg>appPackage=${ANDROID_APP_PACKAGE}</arg>
<arg>appActivity=${ANDROID_APP_ACTIVITY}</arg>
<doc>Opens a new application to the given Appium server.
Capabilities of appium server, Android and iOS,
Please check https://appium.io/docs/en/2.19/guides/caps/
| *Option*            | *Man.* | *Description*     |
| remote_url          | Yes    | Appium server url |
| alias               | No     | alias             |</doc>
<status status="PASS" start="2025-12-25T13:19:05.530024" elapsed="6.133957"/>
</kw>
<kw name="Set Appium Timeout" owner="AppiumLibrary">
<arg>${TIMEOUT}</arg>
<doc>Sets the timeout in ``seconds`` used by various keywords.</doc>
<status status="PASS" start="2025-12-25T13:19:11.664608" elapsed="0.000407"/>
</kw>
<doc>Open the Android application</doc>
<status status="PASS" start="2025-12-25T13:19:05.529931" elapsed="6.135157"/>
</kw>
<arg>'${PLATFORM_NAME}' == '${ANDROID_PLATFORM_NAME}'</arg>
<arg>Open Android Application</arg>
<doc>Runs the given keyword with the given arguments, if ``condition`` is true.</doc>
<status status="PASS" start="2025-12-25T13:19:05.529690" elapsed="6.135434"/>
</kw>
<kw name="Run Keyword If" owner="BuiltIn">
<arg>'${PLATFORM_NAME}' == '${IOS_PLATFORM_NAME}'</arg>
<arg>Open IOS Application</arg>
<doc>Runs the given keyword with the given arguments, if ``condition`` is true.</doc>
<status status="PASS" start="2025-12-25T13:19:11.665219" elapsed="0.000392"/>
</kw>
<doc>Open the testing application</doc>
<status status="PASS" start="2025-12-25T13:19:05.529390" elapsed="6.136253"/>
</kw>
<kw name="Navigate To Login Screen" owner="NavigationBarPo">
<kw name="Click Element [Arguments] ${loginIcon} ${SMALL_RETRY_COUNT}" owner="CommonPo" source_name="Click Element [Arguments] ${locator} ${retryScale}">
<kw name="Wait Until Keyword Succeeds" owner="BuiltIn">
<kw name="Wait Until Element Is Visible" owner="AppiumLibrary">
<arg>${locator}</arg>
<doc>Waits until the element specified by the ``locator`` is visible.</doc>
<status status="PASS" start="2025-12-25T13:19:11.666469" elapsed="1.421418"/>
</kw>
<arg>${retryScale}</arg>
<arg>${RETRY_DELAY}</arg>
<arg>Wait Until Element Is Visible</arg>
<arg>${locator}</arg>
<doc>Runs the specified keyword and retries if it fails.</doc>
<status status="PASS" start="2025-12-25T13:19:11.666224" elapsed="1.421703"/>
</kw>
<kw name="Wait Until Keyword Succeeds" owner="BuiltIn">
<kw name="Click Element" owner="AppiumLibrary">
<msg time="2025-12-25T13:19:13.088955" level="INFO">Clicking element 'accessibility_id=Login'.</msg>
<arg>${locator}</arg>
<doc>Clicks the element identified by ``locator``.</doc>
<status status="PASS" start="2025-12-25T13:19:13.088305" elapsed="0.077408"/>
</kw>
<arg>${retryScale}</arg>
<arg>${RETRY_DELAY}</arg>
<arg>Click Element</arg>
<arg>${locator}</arg>
<doc>Runs the specified keyword and retries if it fails.</doc>
<status status="PASS" start="2025-12-25T13:19:13.088019" elapsed="0.077734"/>
</kw>
<doc>Click on a given button</doc>
<status status="PASS" start="2025-12-25T13:19:11.666096" elapsed="1.499685"/>
</kw>
<status status="PASS" start="2025-12-25T13:19:11.665873" elapsed="1.499925"/>
</kw>
<kw name="Login To The Application [Arguments] ${EMAIL_ADDRESS} ${PASSWORD}" owner="LoginScreenPo" source_name="Login To The Application [Arguments] ${emailAddress} ${password}">
<kw name="Input Email Address [Arguments] ${emailAddress}" owner="LoginScreenPo" source_name="Input Email Address [Arguments] ${emailAddress}">
<kw name="Input Text [Arguments] ${emailAddressTextbox} ${emailAddress} ${SMALL_RETRY_COUNT}" owner="CommonPo" source_name="Input Text [Arguments] ${textBoxLocator} ${text} ${retryScale}">
<kw name="Wait Until Keyword Succeeds" owner="BuiltIn">
<kw name="Wait Until Element Is Visible" owner="AppiumLibrary">
<arg>${textBoxLocator}</arg>
<doc>Waits until the element specified by the ``locator`` is visible.</doc>
<status status="PASS" start="2025-12-25T13:19:13.166710" elapsed="0.727141"/>
</kw>
<arg>${retryScale}</arg>
<arg>${RETRY_DELAY}</arg>
<arg>Wait Until Element Is Visible</arg>
<arg>${textBoxLocator}</arg>
<doc>Runs the specified keyword and retries if it fails.</doc>
<status status="PASS" start="2025-12-25T13:19:13.166515" elapsed="0.727377"/>
</kw>
<kw name="Wait Until Keyword Succeeds" owner="BuiltIn">
<kw name="Input Text" owner="AppiumLibrary">
<msg time="2025-12-25T13:19:13.894872" level="INFO">Typing text 'osanda@mailinator.com' into text field 'accessibility_id=input-email'</msg>
<arg>${textBoxLocator}</arg>
<arg>${text}</arg>
<doc>Types the given ``text`` into the text field identified by ``locator``.</doc>
<status status="PASS" start="2025-12-25T13:19:13.894218" elapsed="0.535452"/>
</kw>
<arg>${retryScale}</arg>
<arg>${RETRY_DELAY}</arg>
<arg>Input Text</arg>
<arg>${textBoxLocator}</arg>
<arg>${text}</arg>
<doc>Runs the specified keyword and retries if it fails.</doc>
<status status="PASS" start="2025-12-25T13:19:13.893984" elapsed="0.535728"/>
</kw>
<doc>Input text into a text box</doc>
<status status="PASS" start="2025-12-25T13:19:13.166388" elapsed="1.263353"/>
</kw>
<status status="PASS" start="2025-12-25T13:19:13.166190" elapsed="1.263568"/>
</kw>
<kw name="Input Password [Arguments] ${password}" owner="LoginScreenPo" source_name="Input Password [Arguments] ${password}">
<kw name="Input Text [Arguments] ${passwordTextbox} ${password} ${SMALL_RETRY_COUNT}" owner="CommonPo" source_name="Input Text [Arguments] ${textBoxLocator} ${text} ${retryScale}">
<kw name="Wait Until Keyword Succeeds" owner="BuiltIn">
<kw name="Wait Until Element Is Visible" owner="AppiumLibrary">
<arg>${textBoxLocator}</arg>
<doc>Waits until the element specified by the ``locator`` is visible.</doc>
<status status="PASS" start="2025-12-25T13:19:14.430453" elapsed="0.627636"/>
</kw>
<arg>${retryScale}</arg>
<arg>${RETRY_DELAY}</arg>
<arg>Wait Until Element Is Visible</arg>
<arg>${textBoxLocator}</arg>
<doc>Runs the specified keyword and retries if it fails.</doc>
<status status="PASS" start="2025-12-25T13:19:14.430258" elapsed="0.627872"/>
</kw>
<kw name="Wait Until Keyword Succeeds" owner="BuiltIn">
<kw name="Input Text" owner="AppiumLibrary">
<msg time="2025-12-25T13:19:15.059237" level="INFO">Typing text 'osanda@SL' into text field 'accessibility_id=input-password'</msg>
<arg>${textBoxLocator}</arg>
<arg>${text}</arg>
<doc>Types the given ``text`` into the text field identified by ``locator``.</doc>
<status status="PASS" start="2025-12-25T13:19:15.058463" elapsed="0.624291"/>
</kw>
<arg>${retryScale}</arg>
<arg>${RETRY_DELAY}</arg>
<arg>Input Text</arg>
<arg>${textBoxLocator}</arg>
<arg>${text}</arg>
<doc>Runs the specified keyword and retries if it fails.</doc>
<status status="PASS" start="2025-12-25T13:19:15.058229" elapsed="0.624567"/>
</kw>
<doc>Input text into a text box</doc>
<status status="PASS" start="2025-12-25T13:19:14.430129" elapsed="1.252698"/>
</kw>
<status status="PASS" start="2025-12-25T13:19:14.429898" elapsed="1.252947"/>
</kw>
<kw name="Click On The 'LOGIN' Button" owner="LoginScreenPo">
<kw name="Click Element [Arguments] ${loginButton} ${SMALL_RETRY_COUNT}" owner="CommonPo" source_name="Click Element [Arguments] ${locator} ${retryScale}">
<kw name="Wait Until Keyword Succeeds" owner="BuiltIn">
<kw name="Wait Until Element Is Visible" owner="AppiumLibrary">
<arg>${locator}</arg>
<doc>Waits until the element specified by the ``locator`` is visible.</doc>
<status status="PASS" start="2025-12-25T13:19:15.683656" elapsed="0.602477"/>
</kw>
<arg>${retryScale}</arg>
<arg>${RETRY_DELAY}</arg>
<arg>Wait Until Element Is Visible</arg>
<arg>${locator}</arg>
<doc>Runs the specified keyword and retries if it fails.</doc>
<status status="PASS" start="2025-12-25T13:19:15.683337" elapsed="0.602841"/>
</kw>
<kw name="Wait Until Keyword Succeeds" owner="BuiltIn">
<kw name="Click Element" owner="AppiumLibrary">
<msg time="2025-12-25T13:19:16.287129" level="INFO">Clicking element 'accessibility_id=button-LOGIN'.</msg>
<arg>${locator}</arg>
<doc>Clicks the element identified by ``locator``.</doc>
<status status="PASS" start="2025-12-25T13:19:16.286504" elapsed="0.065453"/>
</kw>
<arg>${retryScale}</arg>
<arg>${RETRY_DELAY}</arg>
<arg>Click Element</arg>
<arg>${locator}</arg>
<doc>Runs the specified keyword and retries if it fails.</doc>
<status status="PASS" start="2025-12-25T13:19:16.286275" elapsed="0.065731"/>
</kw>
<doc>Click on a given button</doc>
<status status="PASS" start="2025-12-25T13:19:15.683140" elapsed="0.668898"/>
</kw>
<status status="PASS" start="2025-12-25T13:19:15.682939" elapsed="0.669116"/>
</kw>
<status status="PASS" start="2025-12-25T13:19:13.165997" elapsed="3.186071"/>
</kw>
<kw name="Alert Title Should Be [Arguments] ${LOGIN_SUCCESS_ALERT_TITLE}" owner="CommonPo" source_name="Alert Title Should Be [Arguments] ${alertTitle}">
<kw name="Set Variable" owner="BuiltIn">
<msg time="2025-12-25T13:19:16.352596" level="INFO">${androidAlertTitleLocator} = id=android:id/alertTitle</msg>
<var>${androidAlertTitleLocator}</var>
<arg>id=android:id/alertTitle</arg>
<doc>Returns the given values which can then be assigned to a variables.</doc>
<status status="PASS" start="2025-12-25T13:19:16.352455" elapsed="0.000153"/>
</kw>
<kw name="Run Keyword If" owner="BuiltIn">
<kw name="Element Text Should Be [Arguments] ${androidAlertTitleLocator} ${alertTitle} ${SMALL_RETRY_COUNT}" owner="CommonPo" source_name="Element Text Should Be [Arguments] ${locator} ${text} ${retryScale}">
<kw name="Wait Until Keyword Succeeds" owner="BuiltIn">
<kw name="Wait Until Element Is Visible" owner="AppiumLibrary">
<msg time="2025-12-25T13:19:18.768679" level="INFO">criteria is android:id/alertTitle
criteria is android:id/alertTitle
criteria is android:id/alertTitle
criteria is android:id/alertTitle
criteria is android:id/alertTitle
criteria is android:id/alertTitle</msg>
<arg>${locator}</arg>
<doc>Waits until the element specified by the ``locator`` is visible.</doc>
<status status="PASS" start="2025-12-25T13:19:16.353479" elapsed="2.415254"/>
</kw>
<arg>${retryScale}</arg>
<arg>${RETRY_DELAY}</arg>
<arg>Wait Until Element Is Visible</arg>
<arg>${locator}</arg>
<doc>Runs the specified keyword and retries if it fails.</doc>
<status status="PASS" start="2025-12-25T13:19:16.353223" elapsed="2.415543"/>
</kw>
<kw name="Wait Until Keyword Succeeds" owner="BuiltIn">
<kw name="Element Text Should Be" owner="AppiumLibrary">
<msg time="2025-12-25T13:19:18.769867" level="INFO">Verifying element 'id=android:id/alertTitle' contains exactly text 'Success'.</msg>
<msg time="2025-12-25T13:19:18.787513" level="INFO">criteria is android:id/alertTitle</msg>
<arg>${locator}</arg>
<arg>${text}</arg>
<doc>Verifies that the element identified by ``locator`` contains the exact text ``expected``.</doc>
<status status="PASS" start="2025-12-25T13:19:18.769091" elapsed="0.018461"/>
</kw>
<arg>${retryScale}</arg>
<arg>${RETRY_DELAY}</arg>
<arg>Element Text Should Be</arg>
<arg>${locator}</arg>
<arg>${text}</arg>
<doc>Runs the specified keyword and retries if it fails.</doc>
<status status="PASS" start="2025-12-25T13:19:18.768863" elapsed="0.018718"/>
</kw>
<doc>Validate the text of an element</doc>
<status status="PASS" start="2025-12-25T13:19:16.353100" elapsed="2.434513"/>
</kw>
<arg>'${PLATFORM_NAME}' == '${ANDROID_PLATFORM_NAME}'</arg>
<arg>Element Text Should Be [Arguments] ${androidAlertTitleLocator} ${alertTitle} ${SMALL_RETRY_COUNT}</arg>
<doc>Runs the given keyword with the given arguments, if ``condition`` is true.</doc>
<status status="PASS" start="2025-12-25T13:19:16.352663" elapsed="2.434963"/>
</kw>
<kw name="Set Variable" owner="BuiltIn">
<msg time="2025-12-25T13:19:18.787880" level="INFO">${iosAlertTitleLocator} = accessibility_id=Success</msg>
<var>${iosAlertTitleLocator}</var>
<arg>accessibility_id=${alertTitle}</arg>
<doc>Returns the given values which can then be assigned to a variables.</doc>
<status status="PASS" start="2025-12-25T13:19:18.787710" elapsed="0.000179"/>
</kw>
<kw name="Run Keyword If" owner="BuiltIn">
<arg>'${PLATFORM_NAME}' == '${IOS_PLATFORM_NAME}'</arg>
<arg>Element Should Be Visible [Arguments] ${iosAlertTitleLocator} ${SMALL_RETRY_COUNT}</arg>
<doc>Runs the given keyword with the given arguments, if ``condition`` is true.</doc>
<status status="PASS" start="2025-12-25T13:19:18.787947" elapsed="0.000147"/>
</kw>
<doc>Validate the text of the alert title</doc>
<status status="PASS" start="2025-12-25T13:19:16.352300" elapsed="2.435815"/>
</kw>
<kw name="Alert Message Should Be [Arguments] ${LOGIN_SUCCESS_ALERT_MESSAGE}" owner="CommonPo" source_name="Alert Message Should Be [Arguments] ${alertMessage}">
<kw name="Set Variable" owner="BuiltIn">
<msg time="2025-12-25T13:19:18.788455" level="INFO">${androidAlertMessageLocator} = id=android:id/message</msg>
<var>${androidAlertMessageLocator}</var>
<arg>id=android:id/message</arg>
<doc>Returns the given values which can then be assigned to a variables.</doc>
<status status="PASS" start="2025-12-25T13:19:18.788368" elapsed="0.000096"/>
</kw>
<kw name="Run Keyword If" owner="BuiltIn">
<kw name="Element Text Should Be [Arguments] ${androidAlertMessageLocator} ${alertMessage} ${SMALL_RETRY_COUNT}" owner="CommonPo" source_name="Element Text Should Be [Arguments] ${locator} ${text} ${retryScale}">
<kw name="Wait Until Keyword Succeeds" owner="BuiltIn">
<kw name="Wait Until Element Is Visible" owner="AppiumLibrary">
<msg time="2025-12-25T13:19:18.816932" level="INFO">criteria is android:id/message</msg>
<arg>${locator}</arg>
<doc>Waits until the element specified by the ``locator`` is visible.</doc>
<status status="PASS" start="2025-12-25T13:19:18.790983" elapsed="0.025986"/>
</kw>
<arg>${retryScale}</arg>
<arg>${RETRY_DELAY}</arg>
<arg>Wait Until Element Is Visible</arg>
<arg>${locator}</arg>
<doc>Runs the specified keyword and retries if it fails.</doc>
<status status="PASS" start="2025-12-25T13:19:18.790037" elapsed="0.026958"/>
</kw>
<kw name="Wait Until Keyword Succeeds" owner="BuiltIn">
<kw name="Element Text Should Be" owner="AppiumLibrary">
<msg time="2025-12-25T13:19:18.817956" level="INFO">Verifying element 'id=android:id/message' contains exactly text 'You are logged in!'.</msg>
<msg time="2025-12-25T13:19:18.844808" level="INFO">criteria is android:id/message</msg>
<arg>${locator}</arg>
<arg>${text}</arg>
<doc>Verifies that the element identified by ``locator`` contains the exact text ``expected``.</doc>
<status status="PASS" start="2025-12-25T13:19:18.817312" elapsed="0.027541"/>
</kw>
<arg>${retryScale}</arg>
<arg>${RETRY_DELAY}</arg>
<arg>Element Text Should Be</arg>
<arg>${locator}</arg>
<arg>${text}</arg>
<doc>Runs the specified keyword and retries if it fails.</doc>
<status status="PASS" start="2025-12-25T13:19:18.817080" elapsed="0.027804"/>
</kw>
<doc>Validate the text of an element</doc>
<status status="PASS" start="2025-12-25T13:19:18.789380" elapsed="0.055532"/>
</kw>
<arg>'${PLATFORM_NAME}' == '${ANDROID_PLATFORM_NAME}'</arg>
<arg>Element Text Should Be [Arguments] ${androidAlertMessageLocator} ${alertMessage} ${SMALL_RETRY_COUNT}</arg>
<doc>Runs the given keyword with the given arguments, if ``condition`` is true.</doc>
<status status="PASS" start="2025-12-25T13:19:18.788512" elapsed="0.056413"/>
</kw>
<kw name="Set Variable" owner="BuiltIn">
<msg time="2025-12-25T13:19:18.846054" level="INFO">${iosAlertMessageLocator} = accessibility_id=You are logged in!</msg>
<var>${iosAlertMessageLocator}</var>
<arg>accessibility_id=${alertMessage}</arg>
<doc>Returns the given values which can then be assigned to a variables.</doc>
<status status="PASS" start="2025-12-25T13:19:18.845006" elapsed="0.001297"/>
</kw>
<kw name="Run Keyword If" owner="BuiltIn">
<arg>'${PLATFORM_NAME}' == '${IOS_PLATFORM_NAME}'</arg>
<arg>Element Should Be Visible [Arguments] ${iosAlertMessageLocator} ${SMALL_RETRY_COUNT}</arg>
<doc>Runs the given keyword with the given arguments, if ``condition`` is true.</doc>
<status status="PASS" start="2025-12-25T13:19:18.846641" elapsed="0.000207"/>
</kw>
<doc>Validate the text of the alert message</doc>
<status status="PASS" start="2025-12-25T13:19:18.788259" elapsed="0.058625"/>
</kw>
<kw name="Close Application" owner="AppiumLibrary" type="TEARDOWN">
<doc>Closes the current application and the webdriver session.</doc>
<status status="PASS" start="2025-12-25T13:19:18.847561" elapsed="0.427595"/>
</kw>
<tag>Smoke</tag>
<status status="PASS" start="2025-12-25T13:19:05.529046" elapsed="13.746286"/>
</test>
<status status="PASS" start="2025-12-25T13:19:05.416458" elapsed="13.859533"/>
</suite>
<suite id="s1-s2" name="Signup-Test" source="/Users/shubhamkumar/Documents/Testing/robot-framework-mobile-automation-demo/test-cases/signup-test.robot">
<test id="s1-s2-t1" name="Verify That A New User Can Sign Up To The Application" line="12">
<kw name="Open Test Application" owner="CommonPo" type="SETUP">
<kw name="Run Keyword If" owner="BuiltIn">
<kw name="Open Android Application" owner="CommonPo">
<kw name="Open Application" owner="AppiumLibrary">
<arg>${APPIUM_SERVER_URL}</arg>
<arg>automationName=${ANDROID_AUTOMATION_NAME}</arg>
<arg>platformName=${ANDROID_PLATFORM_NAME}</arg>
<arg>platformVersion=${ANDROID_PLATFORM_VERSION}</arg>
<arg>deviceName=${ANDROID_DEVICE_NAME}</arg>
<arg>app=${ANDROID_APP}</arg>
<arg>appPackage=${ANDROID_APP_PACKAGE}</arg>
<arg>appActivity=${ANDROID_APP_ACTIVITY}</arg>
<doc>Opens a new application to the given Appium server.
Capabilities of appium server, Android and iOS,
Please check https://appium.io/docs/en/2.19/guides/caps/
| *Option*            | *Man.* | *Description*     |
| remote_url          | Yes    | Appium server url |
| alias               | No     | alias             |</doc>
<status status="PASS" start="2025-12-25T13:19:19.280098" elapsed="4.219699"/>
</kw>
<kw name="Set Appium Timeout" owner="AppiumLibrary">
<arg>${TIMEOUT}</arg>
<doc>Sets the timeout in ``seconds`` used by various keywords.</doc>
<status status="PASS" start="2025-12-25T13:19:23.500342" elapsed="0.000339"/>
</kw>
<doc>Open the Android application</doc>
<status status="PASS" start="2025-12-25T13:19:19.280014" elapsed="4.220727"/>
</kw>
<arg>'${PLATFORM_NAME}' == '${ANDROID_PLATFORM_NAME}'</arg>
<arg>Open Android Application</arg>
<doc>Runs the given keyword with the given arguments, if ``condition`` is true.</doc>
<status status="PASS" start="2025-12-25T13:19:19.279818" elapsed="4.221080"/>
</kw>
<kw name="Run Keyword If" owner="BuiltIn">
<arg>'${PLATFORM_NAME}' == '${IOS_PLATFORM_NAME}'</arg>
<arg>Open IOS Application</arg>
<doc>Runs the given keyword with the given arguments, if ``condition`` is true.</doc>
<status status="PASS" start="2025-12-25T13:19:23.501032" elapsed="0.000422"/>
</kw>
<doc>Open the testing application</doc>
<status status="PASS" start="2025-12-25T13:19:19.279695" elapsed="4.221789"/>
</kw>
<kw name="Navigate To Login Screen" owner="NavigationBarPo">
<kw name="Click Element [Arguments] ${loginIcon} ${SMALL_RETRY_COUNT}" owner="CommonPo" source_name="Click Element [Arguments] ${locator} ${retryScale}">
<kw name="Wait Until Keyword Succeeds" owner="BuiltIn">
<kw name="Wait Until Element Is Visible" owner="AppiumLibrary">
<arg>${locator}</arg>
<doc>Waits until the element specified by the ``locator`` is visible.</doc>
<status status="PASS" start="2025-12-25T13:19:23.505729" elapsed="1.225567"/>
</kw>
<arg>${retryScale}</arg>
<arg>${RETRY_DELAY}</arg>
<arg>Wait Until Element Is Visible</arg>
<arg>${locator}</arg>
<doc>Runs the specified keyword and retries if it fails.</doc>
<status status="PASS" start="2025-12-25T13:19:23.504057" elapsed="1.227278"/>
</kw>
<kw name="Wait Until Keyword Succeeds" owner="BuiltIn">
<kw name="Click Element" owner="AppiumLibrary">
<msg time="2025-12-25T13:19:24.735549" level="INFO">Clicking element 'accessibility_id=Login'.</msg>
<arg>${locator}</arg>
<doc>Clicks the element identified by ``locator``.</doc>
<status status="PASS" start="2025-12-25T13:19:24.732654" elapsed="0.085675"/>
</kw>
<arg>${retryScale}</arg>
<arg>${RETRY_DELAY}</arg>
<arg>Click Element</arg>
<arg>${locator}</arg>
<doc>Runs the specified keyword and retries if it fails.</doc>
<status status="PASS" start="2025-12-25T13:19:24.731424" elapsed="0.086946"/>
</kw>
<doc>Click on a given button</doc>
<status status="PASS" start="2025-12-25T13:19:23.503364" elapsed="1.315035"/>
</kw>
<status status="PASS" start="2025-12-25T13:19:23.502171" elapsed="1.316245"/>
</kw>
<kw name="Click On The 'Sign up' Container" owner="LoginScreenPo">
<kw name="Click Element [Arguments] ${signupContainer} ${SMALL_RETRY_COUNT}" owner="CommonPo" source_name="Click Element [Arguments] ${locator} ${retryScale}">
<kw name="Wait Until Keyword Succeeds" owner="BuiltIn">
<kw name="Wait Until Element Is Visible" owner="AppiumLibrary">
<arg>${locator}</arg>
<doc>Waits until the element specified by the ``locator`` is visible.</doc>
<status status="PASS" start="2025-12-25T13:19:24.819156" elapsed="0.717262"/>
</kw>
<arg>${retryScale}</arg>
<arg>${RETRY_DELAY}</arg>
<arg>Wait Until Element Is Visible</arg>
<arg>${locator}</arg>
<doc>Runs the specified keyword and retries if it fails.</doc>
<status status="PASS" start="2025-12-25T13:19:24.818944" elapsed="0.717515"/>
</kw>
<kw name="Wait Until Keyword Succeeds" owner="BuiltIn">
<kw name="Click Element" owner="AppiumLibrary">
<msg time="2025-12-25T13:19:25.537438" level="INFO">Clicking element 'accessibility_id=button-sign-up-container'.</msg>
<arg>${locator}</arg>
<doc>Clicks the element identified by ``locator``.</doc>
<status status="PASS" start="2025-12-25T13:19:25.536794" elapsed="0.101027"/>
</kw>
<arg>${retryScale}</arg>
<arg>${RETRY_DELAY}</arg>
<arg>Click Element</arg>
<arg>${locator}</arg>
<doc>Runs the specified keyword and retries if it fails.</doc>
<status status="PASS" start="2025-12-25T13:19:25.536559" elapsed="0.103023"/>
</kw>
<doc>Click on a given button</doc>
<status status="PASS" start="2025-12-25T13:19:24.818791" elapsed="0.820863"/>
</kw>
<status status="PASS" start="2025-12-25T13:19:24.818543" elapsed="0.821150"/>
</kw>
<kw name="Get Random Email Address" owner="CommonPo">
<kw name="Get Random Text" owner="CommonPo">
<kw name="Generate Random String" owner="String">
<msg time="2025-12-25T13:19:25.643323" level="INFO">${randomText} = GdRescFe</msg>
<var>${randomText}</var>
<arg>8</arg>
<arg>[LETTERS]</arg>
<doc>Generates a string with a desired ``length`` from the given ``chars``.</doc>
<status status="PASS" start="2025-12-25T13:19:25.642284" elapsed="0.001061"/>
</kw>
<kw name="Return From Keyword" owner="BuiltIn">
<msg time="2025-12-25T13:19:25.643579" level="INFO">Returning from the enclosing user keyword.</msg>
<arg>${randomText}</arg>
<doc>Returns from the enclosing user keyword.</doc>
<status status="PASS" start="2025-12-25T13:19:25.643464" elapsed="0.000176"/>
</kw>
<msg time="2025-12-25T13:19:25.643704" level="INFO">${randomText} = GdRescFe</msg>
<var>${randomText}</var>
<doc>Return random text value</doc>
<status status="PASS" start="2025-12-25T13:19:25.641610" elapsed="0.002102"/>
</kw>
<kw name="Set Variable" owner="BuiltIn">
<msg time="2025-12-25T13:19:25.643878" level="INFO">${randomEmailAddress} = GdRescFe@mailinator.com</msg>
<var>${randomEmailAddress}</var>
<arg>${randomText}@mailinator.com</arg>
<doc>Returns the given values which can then be assigned to a variables.</doc>
<status status="PASS" start="2025-12-25T13:19:25.643775" elapsed="0.000111"/>
</kw>
<kw name="Return From Keyword" owner="BuiltIn">
<msg time="2025-12-25T13:19:25.643995" level="INFO">Returning from the enclosing user keyword.</msg>
<arg>${randomEmailAddress}</arg>
<doc>Returns from the enclosing user keyword.</doc>
<status status="PASS" start="2025-12-25T13:19:25.643937" elapsed="0.000077"/>
</kw>
<msg time="2025-12-25T13:19:25.644462" level="INFO">${emailAddress} = GdRescFe@mailinator.com</msg>
<var>${emailAddress}</var>
<doc>Return random email address</doc>
<status status="PASS" start="2025-12-25T13:19:25.641033" elapsed="0.003442"/>
</kw>
<kw name="Sign Up To The Application [Arguments] ${emailAddress} ${PASSWORD} ${PASSWORD}" owner="LoginScreenPo" source_name="Sign Up To The Application [Arguments] ${emailAddress} ${password} ${confirmPassword}">
<kw name="Input Email Address [Arguments] ${emailAddress}" owner="LoginScreenPo" source_name="Input Email Address [Arguments] ${emailAddress}">
<kw name="Input Text [Arguments] ${emailAddressTextbox} ${emailAddress} ${SMALL_RETRY_COUNT}" owner="CommonPo" source_name="Input Text [Arguments] ${textBoxLocator} ${text} ${retryScale}">
<kw name="Wait Until Keyword Succeeds" owner="BuiltIn">
<kw name="Wait Until Element Is Visible" owner="AppiumLibrary">
<arg>${textBoxLocator}</arg>
<doc>Waits until the element specified by the ``locator`` is visible.</doc>
<status status="PASS" start="2025-12-25T13:19:25.645388" elapsed="0.869716"/>
</kw>
<arg>${retryScale}</arg>
<arg>${RETRY_DELAY}</arg>
<arg>Wait Until Element Is Visible</arg>
<arg>${textBoxLocator}</arg>
<doc>Runs the specified keyword and retries if it fails.</doc>
<status status="PASS" start="2025-12-25T13:19:25.645186" elapsed="0.869958"/>
</kw>
<kw name="Wait Until Keyword Succeeds" owner="BuiltIn">
<kw name="Input Text" owner="AppiumLibrary">
<msg time="2025-12-25T13:19:26.516103" level="INFO">Typing text 'GdRescFe@mailinator.com' into text field 'accessibility_id=input-email'</msg>
<arg>${textBoxLocator}</arg>
<arg>${text}</arg>
<doc>Types the given ``text`` into the text field identified by ``locator``.</doc>
<status status="PASS" start="2025-12-25T13:19:26.515456" elapsed="0.312716"/>
</kw>
<arg>${retryScale}</arg>
<arg>${RETRY_DELAY}</arg>
<arg>Input Text</arg>
<arg>${textBoxLocator}</arg>
<arg>${text}</arg>
<doc>Runs the specified keyword and retries if it fails.</doc>
<status status="PASS" start="2025-12-25T13:19:26.515235" elapsed="0.313060"/>
</kw>
<doc>Input text into a text box</doc>
<status status="PASS" start="2025-12-25T13:19:25.645066" elapsed="1.183258"/>
</kw>
<status status="PASS" start="2025-12-25T13:19:25.644864" elapsed="1.183476"/>
</kw>
<kw name="Input Password [Arguments] ${password}" owner="LoginScreenPo" source_name="Input Password [Arguments] ${password}">
<kw name="Input Text [Arguments] ${passwordTextbox} ${password} ${SMALL_RETRY_COUNT}" owner="CommonPo" source_name="Input Text [Arguments] ${textBoxLocator} ${text} ${retryScale}">
<kw name="Wait Until Keyword Succeeds" owner="BuiltIn">
<kw name="Wait Until Element Is Visible" owner="AppiumLibrary">
<arg>${textBoxLocator}</arg>
<doc>Waits until the element specified by the ``locator`` is visible.</doc>
<status status="PASS" start="2025-12-25T13:19:26.829014" elapsed="0.615697"/>
</kw>
<arg>${retryScale}</arg>
<arg>${RETRY_DELAY}</arg>
<arg>Wait Until Element Is Visible</arg>
<arg>${textBoxLocator}</arg>
<doc>Runs the specified keyword and retries if it fails.</doc>
<status status="PASS" start="2025-12-25T13:19:26.828823" elapsed="0.615927"/>
</kw>
<kw name="Wait Until Keyword Succeeds" owner="BuiltIn">
<kw name="Input Text" owner="AppiumLibrary">
<msg time="2025-12-25T13:19:27.445756" level="INFO">Typing text 'osanda@SL' into text field 'accessibility_id=input-password'</msg>
<arg>${textBoxLocator}</arg>
<arg>${text}</arg>
<doc>Types the given ``text`` into the text field identified by ``locator``.</doc>
<status status="PASS" start="2025-12-25T13:19:27.445060" elapsed="0.531276"/>
</kw>
<arg>${retryScale}</arg>
<arg>${RETRY_DELAY}</arg>
<arg>Input Text</arg>
<arg>${textBoxLocator}</arg>
<arg>${text}</arg>
<doc>Runs the specified keyword and retries if it fails.</doc>
<status status="PASS" start="2025-12-25T13:19:27.444841" elapsed="0.531544"/>
</kw>
<doc>Input text into a text box</doc>
<status status="PASS" start="2025-12-25T13:19:26.828696" elapsed="1.147716"/>
</kw>
<status status="PASS" start="2025-12-25T13:19:26.828468" elapsed="1.147961"/>
</kw>
<kw name="Input Confirm Password [Arguments] ${confirmPassword}" owner="LoginScreenPo" source_name="Input Confirm Password [Arguments] ${confirmPassword}">
<kw name="Input Text [Arguments] ${confirmPasswordTextbox} ${confirmPassword} ${SMALL_RETRY_COUNT}" owner="CommonPo" source_name="Input Text [Arguments] ${textBoxLocator} ${text} ${retryScale}">
<kw name="Wait Until Keyword Succeeds" owner="BuiltIn">
<kw name="Wait Until Element Is Visible" owner="AppiumLibrary">
<arg>${textBoxLocator}</arg>
<doc>Waits until the element specified by the ``locator`` is visible.</doc>
<status status="PASS" start="2025-12-25T13:19:27.977119" elapsed="0.605701"/>
</kw>
<arg>${retryScale}</arg>
<arg>${RETRY_DELAY}</arg>
<arg>Wait Until Element Is Visible</arg>
<arg>${textBoxLocator}</arg>
<doc>Runs the specified keyword and retries if it fails.</doc>
<status status="PASS" start="2025-12-25T13:19:27.976925" elapsed="0.605937"/>
</kw>
<kw name="Wait Until Keyword Succeeds" owner="BuiltIn">
<kw name="Input Text" owner="AppiumLibrary">
<msg time="2025-12-25T13:19:28.583825" level="INFO">Typing text 'osanda@SL' into text field 'accessibility_id=input-repeat-password'</msg>
<arg>${textBoxLocator}</arg>
<arg>${text}</arg>
<doc>Types the given ``text`` into the text field identified by ``locator``.</doc>
<status status="PASS" start="2025-12-25T13:19:28.583181" elapsed="0.549157"/>
</kw>
<arg>${retryScale}</arg>
<arg>${RETRY_DELAY}</arg>
<arg>Input Text</arg>
<arg>${textBoxLocator}</arg>
<arg>${text}</arg>
<doc>Runs the specified keyword and retries if it fails.</doc>
<status status="PASS" start="2025-12-25T13:19:28.582962" elapsed="0.549415"/>
</kw>
<doc>Input text into a text box</doc>
<status status="PASS" start="2025-12-25T13:19:27.976798" elapsed="1.155607"/>
</kw>
<status status="PASS" start="2025-12-25T13:19:27.976559" elapsed="1.155862"/>
</kw>
<kw name="Click On The 'SIGN UP' Button" owner="LoginScreenPo">
<kw name="Click Element [Arguments] ${signupButton} ${SMALL_RETRY_COUNT}" owner="CommonPo" source_name="Click Element [Arguments] ${locator} ${retryScale}">
<kw name="Wait Until Keyword Succeeds" owner="BuiltIn">
<kw name="Wait Until Element Is Visible" owner="AppiumLibrary">
<arg>${locator}</arg>
<doc>Waits until the element specified by the ``locator`` is visible.</doc>
<status status="PASS" start="2025-12-25T13:19:29.133011" elapsed="0.609088"/>
</kw>
<arg>${retryScale}</arg>
<arg>${RETRY_DELAY}</arg>
<arg>Wait Until Element Is Visible</arg>
<arg>${locator}</arg>
<doc>Runs the specified keyword and retries if it fails.</doc>
<status status="PASS" start="2025-12-25T13:19:29.132825" elapsed="0.609314"/>
</kw>
<kw name="Wait Until Keyword Succeeds" owner="BuiltIn">
<kw name="Click Element" owner="AppiumLibrary">
<msg time="2025-12-25T13:19:29.743051" level="INFO">Clicking element 'accessibility_id=button-SIGN UP'.</msg>
<arg>${locator}</arg>
<doc>Clicks the element identified by ``locator``.</doc>
<status status="PASS" start="2025-12-25T13:19:29.742440" elapsed="0.083240"/>
</kw>
<arg>${retryScale}</arg>
<arg>${RETRY_DELAY}</arg>
<arg>Click Element</arg>
<arg>${locator}</arg>
<doc>Runs the specified keyword and retries if it fails.</doc>
<status status="PASS" start="2025-12-25T13:19:29.742226" elapsed="0.083494"/>
</kw>
<doc>Click on a given button</doc>
<status status="PASS" start="2025-12-25T13:19:29.132704" elapsed="0.693043"/>
</kw>
<status status="PASS" start="2025-12-25T13:19:29.132510" elapsed="0.693253"/>
</kw>
<status status="PASS" start="2025-12-25T13:19:25.644680" elapsed="4.181094"/>
</kw>
<kw name="Alert Title Should Be [Arguments] ${SIGNED_UP_SUCCESS_ALERT_TITLE}" owner="CommonPo" source_name="Alert Title Should Be [Arguments] ${alertTitle}">
<kw name="Set Variable" owner="BuiltIn">
<msg time="2025-12-25T13:19:29.826292" level="INFO">${androidAlertTitleLocator} = id=android:id/alertTitle</msg>
<var>${androidAlertTitleLocator}</var>
<arg>id=android:id/alertTitle</arg>
<doc>Returns the given values which can then be assigned to a variables.</doc>
<status status="PASS" start="2025-12-25T13:19:29.826172" elapsed="0.000131"/>
</kw>
<kw name="Run Keyword If" owner="BuiltIn">
<kw name="Element Text Should Be [Arguments] ${androidAlertTitleLocator} ${alertTitle} ${SMALL_RETRY_COUNT}" owner="CommonPo" source_name="Element Text Should Be [Arguments] ${locator} ${text} ${retryScale}">
<kw name="Wait Until Keyword Succeeds" owner="BuiltIn">
<kw name="Wait Until Element Is Visible" owner="AppiumLibrary">
<msg time="2025-12-25T13:19:32.286564" level="INFO">criteria is android:id/alertTitle
criteria is android:id/alertTitle
criteria is android:id/alertTitle
criteria is android:id/alertTitle
criteria is android:id/alertTitle</msg>
<arg>${locator}</arg>
<doc>Waits until the element specified by the ``locator`` is visible.</doc>
<status status="PASS" start="2025-12-25T13:19:29.827264" elapsed="2.459343"/>
</kw>
<arg>${retryScale}</arg>
<arg>${RETRY_DELAY}</arg>
<arg>Wait Until Element Is Visible</arg>
<arg>${locator}</arg>
<doc>Runs the specified keyword and retries if it fails.</doc>
<status status="PASS" start="2025-12-25T13:19:29.827081" elapsed="2.459556"/>
</kw>
<kw name="Wait Until Keyword Succeeds" owner="BuiltIn">
<kw name="Element Text Should Be" owner="AppiumLibrary">
<msg time="2025-12-25T13:19:32.287623" level="INFO">Verifying element 'id=android:id/alertTitle' contains exactly text 'Signed Up!'.</msg>
<msg time="2025-12-25T13:19:32.301803" level="INFO">criteria is android:id/alertTitle</msg>
<arg>${locator}</arg>
<arg>${text}</arg>
<doc>Verifies that the element identified by ``locator`` contains the exact text ``expected``.</doc>
<status status="PASS" start="2025-12-25T13:19:32.286971" elapsed="0.014882"/>
</kw>
<arg>${retryScale}</arg>
<arg>${RETRY_DELAY}</arg>
<arg>Element Text Should Be</arg>
<arg>${locator}</arg>
<arg>${text}</arg>
<doc>Runs the specified keyword and retries if it fails.</doc>
<status status="PASS" start="2025-12-25T13:19:32.286729" elapsed="0.015153"/>
</kw>
<doc>Validate the text of an element</doc>
<status status="PASS" start="2025-12-25T13:19:29.826897" elapsed="2.475011"/>
</kw>
<arg>'${PLATFORM_NAME}' == '${ANDROID_PLATFORM_NAME}'</arg>
<arg>Element Text Should Be [Arguments] ${androidAlertTitleLocator} ${alertTitle} ${SMALL_RETRY_COUNT}</arg>
<doc>Runs the given keyword with the given arguments, if ``condition`` is true.</doc>
<status status="PASS" start="2025-12-25T13:19:29.826414" elapsed="2.475508"/>
</kw>
<kw name="Set Variable" owner="BuiltIn">
<msg time="2025-12-25T13:19:32.302158" level="INFO">${iosAlertTitleLocator} = accessibility_id=Signed Up!</msg>
<var>${iosAlertTitleLocator}</var>
<arg>accessibility_id=${alertTitle}</arg>
<doc>Returns the given values which can then be assigned to a variables.</doc>
<status status="PASS" start="2025-12-25T13:19:32.302007" elapsed="0.000160"/>
</kw>
<kw name="Run Keyword If" owner="BuiltIn">
<arg>'${PLATFORM_NAME}' == '${IOS_PLATFORM_NAME}'</arg>
<arg>Element Should Be Visible [Arguments] ${iosAlertTitleLocator} ${SMALL_RETRY_COUNT}</arg>
<doc>Runs the given keyword with the given arguments, if ``condition`` is true.</doc>
<status status="PASS" start="2025-12-25T13:19:32.302222" elapsed="0.000137"/>
</kw>
<doc>Validate the text of the alert title</doc>
<status status="PASS" start="2025-12-25T13:19:29.826029" elapsed="2.476352"/>
</kw>
<kw name="Alert Message Should Be [Arguments] ${SIGNED_UP_SUCCESS_ALERT_MESSAGE}" owner="CommonPo" source_name="Alert Message Should Be [Arguments] ${alertMessage}">
<kw name="Set Variable" owner="BuiltIn">
<msg time="2025-12-25T13:19:32.302715" level="INFO">${androidAlertMessageLocator} = id=android:id/message</msg>
<var>${androidAlertMessageLocator}</var>
<arg>id=android:id/message</arg>
<doc>Returns the given values which can then be assigned to a variables.</doc>
<status status="PASS" start="2025-12-25T13:19:32.302637" elapsed="0.000086"/>
</kw>
<kw name="Run Keyword If" owner="BuiltIn">
<kw name="Element Text Should Be [Arguments] ${androidAlertMessageLocator} ${alertMessage} ${SMALL_RETRY_COUNT}" owner="CommonPo" source_name="Element Text Should Be [Arguments] ${locator} ${text} ${retryScale}">
<kw name="Wait Until Keyword Succeeds" owner="BuiltIn">
<kw name="Wait Until Element Is Visible" owner="AppiumLibrary">
<msg time="2025-12-25T13:19:32.334987" level="INFO">criteria is android:id/message</msg>
<arg>${locator}</arg>
<doc>Waits until the element specified by the ``locator`` is visible.</doc>
<status status="PASS" start="2025-12-25T13:19:32.303427" elapsed="0.031613"/>
</kw>
<arg>${retryScale}</arg>
<arg>${RETRY_DELAY}</arg>
<arg>Wait Until Element Is Visible</arg>
<arg>${locator}</arg>
<doc>Runs the specified keyword and retries if it fails.</doc>
<status status="PASS" start="2025-12-25T13:19:32.303281" elapsed="0.031789"/>
</kw>
<kw name="Wait Until Keyword Succeeds" owner="BuiltIn">
<kw name="Element Text Should Be" owner="AppiumLibrary">
<msg time="2025-12-25T13:19:32.336137" level="INFO">Verifying element 'id=android:id/message' contains exactly text 'You successfully signed up!'.</msg>
<msg time="2025-12-25T13:19:32.370792" level="INFO">criteria is android:id/message</msg>
<arg>${locator}</arg>
<arg>${text}</arg>
<doc>Verifies that the element identified by ``locator`` contains the exact text ``expected``.</doc>
<status status="PASS" start="2025-12-25T13:19:32.335408" elapsed="0.035533"/>
</kw>
<arg>${retryScale}</arg>
<arg>${RETRY_DELAY}</arg>
<arg>Element Text Should Be</arg>
<arg>${locator}</arg>
<arg>${text}</arg>
<doc>Runs the specified keyword and retries if it fails.</doc>
<status status="PASS" start="2025-12-25T13:19:32.335170" elapsed="0.035846"/>
</kw>
<doc>Validate the text of an element</doc>
<status status="PASS" start="2025-12-25T13:19:32.303163" elapsed="0.067928"/>
</kw>
<arg>'${PLATFORM_NAME}' == '${ANDROID_PLATFORM_NAME}'</arg>
<arg>Element Text Should Be [Arguments] ${androidAlertMessageLocator} ${alertMessage} ${SMALL_RETRY_COUNT}</arg>
<doc>Runs the given keyword with the given arguments, if ``condition`` is true.</doc>
<status status="PASS" start="2025-12-25T13:19:32.302770" elapsed="0.068341"/>
</kw>
<kw name="Set Variable" owner="BuiltIn">
<msg time="2025-12-25T13:19:32.371556" level="INFO">${iosAlertMessageLocator} = accessibility_id=You successfully signed up!</msg>
<var>${iosAlertMessageLocator}</var>
<arg>accessibility_id=${alertMessage}</arg>
<doc>Returns the given values which can then be assigned to a variables.</doc>
<status status="PASS" start="2025-12-25T13:19:32.371279" elapsed="0.000288"/>
</kw>
<kw name="Run Keyword If" owner="BuiltIn">
<arg>'${PLATFORM_NAME}' == '${IOS_PLATFORM_NAME}'</arg>
<arg>Element Should Be Visible [Arguments] ${iosAlertMessageLocator} ${SMALL_RETRY_COUNT}</arg>
<doc>Runs the given keyword with the given arguments, if ``condition`` is true.</doc>
<status status="PASS" start="2025-12-25T13:19:32.371633" elapsed="0.000209"/>
</kw>
<doc>Validate the text of the alert message</doc>
<status status="PASS" start="2025-12-25T13:19:32.302525" elapsed="0.069357"/>
</kw>
<kw name="Close Application" owner="AppiumLibrary" type="TEARDOWN">
<doc>Closes the current application and the webdriver session.</doc>
<status status="PASS" start="2025-12-25T13:19:32.372134" elapsed="0.539756"/>
</kw>
<tag>Smoke</tag>
<status status="PASS" start="2025-12-25T13:19:19.279424" elapsed="13.632558"/>
</test>
<status status="PASS" start="2025-12-25T13:19:19.276509" elapsed="13.635766"/>
</suite>
<status status="PASS" start="2025-12-25T13:19:05.400642" elapsed="27.511831"/>
</suite>
<statistics>
<total>
<stat pass="2" fail="0" skip="0">All Tests</stat>
</total>
<tag>
<stat pass="2" fail="0" skip="0">Smoke</stat>
</tag>
<suite>
<stat name="Test-Cases" id="s1" pass="2" fail="0" skip="0">Test-Cases</stat>
<stat name="Login-Test" id="s1-s1" pass="1" fail="0" skip="0">Test-Cases.Login-Test</stat>
<stat name="Signup-Test" id="s1-s2" pass="1" fail="0" skip="0">Test-Cases.Signup-Test</stat>
</suite>
</statistics>
<errors>
</errors>
</robot>
